<?xml version="1.0" encoding="UTF-8"?>
<!-- Generated by org.testng.reporters.JUnitReportReporter -->
<testsuite hostname="LAPTOP-1AB76RU1" failures="0" tests="2" name="testClassPackage.LoginTestClass3" time="8.250" errors="0" timestamp="2023-04-02T21:50:01 IST" skipped="0">
  <testcase classname="testClassPackage.LoginTestClass3" name="WronguserNamePassword" time="3.448"/>
  <system-out/>
  <testcase classname="testClassPackage.LoginTestClass3" name="correctUserNamePassword" time="4.802"/>
  <system-out/>
</testsuite> <!-- testClassPackage.LoginTestClass3 -->
