<?xml version="1.0" encoding="UTF-8"?>
<!-- Generated by org.testng.reporters.JUnitReportReporter -->
<testsuite hostname="LAPTOP-1AB76RU1" failures="0" tests="4" name="testClassPackage.LoginTestClass2" time="0.022" errors="0" timestamp="2023-03-10T17:16:39 IST" skipped="0">
  <testcase classname="testClassPackage.LoginTestClass2" name="home" time="0.003"/>
  <system-out/>
  <testcase classname="testClassPackage.LoginTestClass2" name="login" time="0.003"/>
  <system-out/>
  <testcase classname="testClassPackage.LoginTestClass2" name="home" time="0.010"/>
  <system-out/>
  <testcase classname="testClassPackage.LoginTestClass2" name="login" time="0.006"/>
  <system-out/>
</testsuite> <!-- testClassPackage.LoginTestClass2 -->
