<?xml version="1.0" encoding="UTF-8"?>
<!-- Generated by org.testng.reporters.JUnitReportReporter -->
<testsuite hostname="LAPTOP-1AB76RU1" failures="0" tests="1" name="testClassPackage.LoginTestClass" time="0.008" errors="0" timestamp="2023-03-09T10:55:22 IST" skipped="0">
  <testcase classname="testClassPackage.LoginTestClass" name="verifyLoginFunctionalityWithCorrectUsernamePassword" time="0.008"/>
  <system-out/>
</testsuite> <!-- testClassPackage.LoginTestClass -->
